# JRE version: OpenJDK Runtime Environment (16.0.1+9) (build 16.0.1+9-24)
# Java VM: OpenJDK 64-Bit Server VM (16.0.1+9-24, mixed mode, tiered, compressed oops, compressed class ptrs, g1 gc, windows-amd64)
GC Precious Log:
 CPUs: 4 total, 4 available
 Memory: 4015M
 Large Page Support: Disabled
 NUMA Support: Disabled
 Compressed Oops: Enabled (32-bit)
 Heap Region Size: 1M
 Heap Min Capacity: 8M
 Heap Initial Capacity: 64M
 Heap Max Capacity: 1004M
 Pre-touch: Disabled
 Parallel Workers: 4
 Concurrent Workers: 1
 Concurrent Refinement Workers: 4
 Periodic GC: Disabled
Heap:
 garbage-first heap   total 92160K, used 47578K [0x00000000c1400000, 0x0000000100000000)
  region size 1024K, 31 young (31744K), 7 survivors (7168K)
 Metaspace       used 63182K, committed 63488K, reserved 1105920K
  class space    used 8048K, committed 8192K, reserved 1048576K
GC Heap History (20 events):
Event: 24.680 GC heap before
{Heap before GC invocations=10 (full 0):
 garbage-first heap   total 46080K, used 33673K [0x00000000c1400000, 0x0000000100000000)
  region size 1024K, 23 young (23552K), 3 survivors (3072K)
 Metaspace       used 31481K, committed 31808K, reserved 1081344K
  class space    used 3526K, committed 3712K, reserved 1048576K
}
Event: 24.687 GC heap after
{Heap after GC invocations=11 (full 0):
 garbage-first heap   total 46080K, used 14628K [0x00000000c1400000, 0x0000000100000000)
  region size 1024K, 3 young (3072K), 3 survivors (3072K)
 Metaspace       used 31481K, committed 31808K, reserved 1081344K
  class space    used 3526K, committed 3712K, reserved 1048576K
}
Event: 27.481 GC heap before
{Heap before GC invocations=11 (full 0):
 garbage-first heap   total 46080K, used 33060K [0x00000000c1400000, 0x0000000100000000)
  region size 1024K, 22 young (22528K), 3 survivors (3072K)
 Metaspace       used 35241K, committed 35520K, reserved 1081344K
  class space    used 4043K, committed 4160K, reserved 1048576K
}
Event: 27.491 GC heap after
{Heap after GC invocations=12 (full 0):
 garbage-first heap   total 46080K, used 16521K [0x00000000c1400000, 0x0000000100000000)
  region size 1024K, 3 young (3072K), 3 survivors (3072K)
 Metaspace       used 35241K, committed 35520K, reserved 1081344K
  class space    used 4043K, committed 4160K, reserved 1048576K
}
Event: 27.997 GC heap before
{Heap before GC invocations=13 (full 0):
 garbage-first heap   total 46080K, used 33929K [0x00000000c1400000, 0x0000000100000000)
  region size 1024K, 21 young (21504K), 3 survivors (3072K)
 Metaspace       used 35882K, committed 36224K, reserved 1081344K
  class space    used 4112K, committed 4288K, reserved 1048576K
}
Event: 28.004 GC heap after
{Heap after GC invocations=14 (full 0):
 garbage-first heap   total 46080K, used 17350K [0x00000000c1400000, 0x0000000100000000)
  region size 1024K, 1 young (1024K), 1 survivors (1024K)
 Metaspace       used 35882K, committed 36224K, reserved 1081344K
  class space    used 4112K, committed 4288K, reserved 1048576K
}
Event: 28.013 GC heap before
{Heap before GC invocations=14 (full 0):
 garbage-first heap   total 46080K, used 33734K [0x00000000c1400000, 0x0000000100000000)
  region size 1024K, 18 young (18432K), 1 survivors (1024K)
 Metaspace       used 35882K, committed 36224K, reserved 1081344K
  class space    used 4112K, committed 4288K, reserved 1048576K
}
Event: 28.015 GC heap after
{Heap after GC invocations=15 (full 0):
 garbage-first heap   total 46080K, used 17150K [0x00000000c1400000, 0x0000000100000000)
  region size 1024K, 1 young (1024K), 1 survivors (1024K)
 Metaspace       used 35882K, committed 36224K, reserved 1081344K
  class space    used 4112K, committed 4288K, reserved 1048576K
}
Event: 29.466 GC heap before
{Heap before GC invocations=15 (full 0):
 garbage-first heap   total 46080K, used 33534K [0x00000000c1400000, 0x0000000100000000)
  region size 1024K, 18 young (18432K), 1 survivors (1024K)
 Metaspace       used 36613K, committed 36928K, reserved 1089536K
  class space    used 4175K, committed 4352K, reserved 1048576K
}
Event: 29.470 GC heap after
{Heap after GC invocations=16 (full 0):
 garbage-first heap   total 46080K, used 17561K [0x00000000c1400000, 0x0000000100000000)
  region size 1024K, 1 young (1024K), 1 survivors (1024K)
 Metaspace       used 36613K, committed 36928K, reserved 1089536K
  class space    used 4175K, committed 4352K, reserved 1048576K
}
Event: 29.481 GC heap before
{Heap before GC invocations=16 (full 0):
 garbage-first heap   total 46080K, used 34969K [0x00000000c1400000, 0x0000000100000000)
  region size 1024K, 19 young (19456K), 1 survivors (1024K)
 Metaspace       used 36613K, committed 36928K, reserved 1089536K
  class space    used 4175K, committed 4352K, reserved 1048576K
}
Event: 29.484 GC heap after
{Heap after GC invocations=17 (full 0):
 garbage-first heap   total 46080K, used 17591K [0x00000000c1400000, 0x0000000100000000)
  region size 1024K, 1 young (1024K), 1 survivors (1024K)
 Metaspace       used 36613K, committed 36928K, reserved 1089536K
  class space    used 4175K, committed 4352K, reserved 1048576K
}
Event: 29.647 GC heap before
{Heap before GC invocations=17 (full 0):
 garbage-first heap   total 46080K, used 34999K [0x00000000c1400000, 0x0000000100000000)
  region size 1024K, 19 young (19456K), 1 survivors (1024K)
 Metaspace       used 36614K, committed 36928K, reserved 1089536K
  class space    used 4175K, committed 4352K, reserved 1048576K
}
Event: 29.649 GC heap after
{Heap after GC invocations=18 (full 0):
 garbage-first heap   total 46080K, used 17474K [0x00000000c1400000, 0x0000000100000000)
  region size 1024K, 1 young (1024K), 1 survivors (1024K)
 Metaspace       used 36614K, committed 36928K, reserved 1089536K
  class space    used 4175K, committed 4352K, reserved 1048576K
}
Event: 31.487 GC heap before
{Heap before GC invocations=18 (full 0):
 garbage-first heap   total 46080K, used 35906K [0x00000000c1400000, 0x0000000100000000)
  region size 1024K, 20 young (20480K), 1 survivors (1024K)
 Metaspace       used 39346K, committed 39680K, reserved 1089536K
  class space    used 4516K, committed 4672K, reserved 1048576K
}
Event: 31.495 GC heap after
{Heap after GC invocations=19 (full 0):
 garbage-first heap   total 92160K, used 18292K [0x00000000c1400000, 0x0000000100000000)
  region size 1024K, 2 young (2048K), 2 survivors (2048K)
 Metaspace       used 39346K, committed 39680K, reserved 1089536K
  class space    used 4516K, committed 4672K, reserved 1048576K
}
Event: 38.688 GC heap before
{Heap before GC invocations=19 (full 0):
 garbage-first heap   total 92160K, used 71540K [0x00000000c1400000, 0x0000000100000000)
  region size 1024K, 54 young (55296K), 2 survivors (2048K)
 Metaspace       used 52486K, committed 52800K, reserved 1097728K
  class space    used 6512K, committed 6656K, reserved 1048576K
}
Event: 38.703 GC heap after
{Heap after GC invocations=20 (full 0):
 garbage-first heap   total 92160K, used 20791K [0x00000000c1400000, 0x0000000100000000)
  region size 1024K, 5 young (5120K), 5 survivors (5120K)
 Metaspace       used 52486K, committed 52800K, reserved 1097728K
  class space    used 6512K, committed 6656K, reserved 1048576K
}
Event: 42.944 GC heap before
{Heap before GC invocations=20 (full 0):
 garbage-first heap   total 92160K, used 55607K [0x00000000c1400000, 0x0000000100000000)
  region size 1024K, 40 young (40960K), 5 survivors (5120K)
 Metaspace       used 59102K, committed 59456K, reserved 1105920K
  class space    used 7487K, committed 7680K, reserved 1048576K
}
Event: 42.969 GC heap after
{Heap after GC invocations=21 (full 0):
 garbage-first heap   total 92160K, used 24026K [0x00000000c1400000, 0x0000000100000000)
  region size 1024K, 7 young (7168K), 7 survivors (7168K)
 Metaspace       used 59102K, committed 59456K, reserved 1105920K
  class space    used 7487K, committed 7680K, reserved 1048576K
}

