# JRE version: OpenJDK Runtime Environment (16.0.1+9) (build 16.0.1+9-24)
# Java VM: OpenJDK 64-Bit Server VM (16.0.1+9-24, mixed mode, tiered, compressed oops, compressed class ptrs, g1 gc, windows-amd64)
GC Precious Log:
 CPUs: 4 total, 4 available
 Memory: 4015M
 Large Page Support: Disabled
 NUMA Support: Disabled
 Compressed Oops: Enabled (32-bit)
 Heap Region Size: 1M
 Heap Min Capacity: 8M
 Heap Initial Capacity: 64M
 Heap Max Capacity: 1004M
 Pre-touch: Disabled
 Parallel Workers: 4
 Concurrent Workers: 1
 Concurrent Refinement Workers: 4
 Periodic GC: Disabled
Heap:
 garbage-first heap   total 45056K, used 23725K [0x00000000c1400000, 0x0000000100000000)
  region size 1024K, 15 young (15360K), 3 survivors (3072K)
 Metaspace       used 28412K, committed 28672K, reserved 1081344K
  class space    used 3158K, committed 3264K, reserved 1048576K
GC Heap History (18 events):
Event: 2.092 GC heap before
{Heap before GC invocations=0 (full 0):
 garbage-first heap   total 65536K, used 13312K [0x00000000c1400000, 0x0000000100000000)
  region size 1024K, 13 young (13312K), 0 survivors (0K)
 Metaspace       used 7948K, committed 8064K, reserved 1056768K
  class space    used 659K, committed 768K, reserved 1048576K
}
Event: 2.108 GC heap after
{Heap after GC invocations=1 (full 0):
 garbage-first heap   total 65536K, used 7860K [0x00000000c1400000, 0x0000000100000000)
  region size 1024K, 2 young (2048K), 2 survivors (2048K)
 Metaspace       used 7948K, committed 8064K, reserved 1056768K
  class space    used 659K, committed 768K, reserved 1048576K
}
Event: 2.968 GC heap before
{Heap before GC invocations=1 (full 0):
 garbage-first heap   total 65536K, used 15028K [0x00000000c1400000, 0x0000000100000000)
  region size 1024K, 10 young (10240K), 2 survivors (2048K)
 Metaspace       used 11126K, committed 11264K, reserved 1064960K
  class space    used 1024K, committed 1088K, reserved 1048576K
}
Event: 2.977 GC heap after
{Heap after GC invocations=2 (full 0):
 garbage-first heap   total 65536K, used 8939K [0x00000000c1400000, 0x0000000100000000)
  region size 1024K, 2 young (2048K), 2 survivors (2048K)
 Metaspace       used 11126K, committed 11264K, reserved 1064960K
  class space    used 1024K, committed 1088K, reserved 1048576K
}
Event: 3.663 GC heap before
{Heap before GC invocations=2 (full 0):
 garbage-first heap   total 65536K, used 25323K [0x00000000c1400000, 0x0000000100000000)
  region size 1024K, 19 young (19456K), 2 survivors (2048K)
 Metaspace       used 11904K, committed 12096K, reserved 1064960K
  class space    used 1115K, committed 1216K, reserved 1048576K
}
Event: 3.668 GC heap after
{Heap after GC invocations=3 (full 0):
 garbage-first heap   total 65536K, used 9330K [0x00000000c1400000, 0x0000000100000000)
  region size 1024K, 2 young (2048K), 2 survivors (2048K)
 Metaspace       used 11904K, committed 12096K, reserved 1064960K
  class space    used 1115K, committed 1216K, reserved 1048576K
}
Event: 3.754 GC heap before
{Heap before GC invocations=3 (full 0):
 garbage-first heap   total 65536K, used 38002K [0x00000000c1400000, 0x0000000100000000)
  region size 1024K, 31 young (31744K), 2 survivors (2048K)
 Metaspace       used 12133K, committed 12288K, reserved 1064960K
  class space    used 1140K, committed 1216K, reserved 1048576K
}
Event: 3.757 GC heap after
{Heap after GC invocations=4 (full 0):
 garbage-first heap   total 65536K, used 9267K [0x00000000c1400000, 0x0000000100000000)
  region size 1024K, 2 young (2048K), 2 survivors (2048K)
 Metaspace       used 12133K, committed 12288K, reserved 1064960K
  class space    used 1140K, committed 1216K, reserved 1048576K
}
Event: 8.742 GC heap before
{Heap before GC invocations=4 (full 0):
 garbage-first heap   total 65536K, used 41011K [0x00000000c1400000, 0x0000000100000000)
  region size 1024K, 34 young (34816K), 2 survivors (2048K)
 Metaspace       used 21080K, committed 21248K, reserved 1073152K
  class space    used 2209K, committed 2304K, reserved 1048576K
}
Event: 8.754 GC heap after
{Heap after GC invocations=5 (full 0):
 garbage-first heap   total 65536K, used 11307K [0x00000000c1400000, 0x0000000100000000)
  region size 1024K, 4 young (4096K), 4 survivors (4096K)
 Metaspace       used 21080K, committed 21248K, reserved 1073152K
  class space    used 2209K, committed 2304K, reserved 1048576K
}
Event: 11.133 GC heap before
{Heap before GC invocations=6 (full 0):
 garbage-first heap   total 45056K, used 32811K [0x00000000c1400000, 0x0000000100000000)
  region size 1024K, 26 young (26624K), 4 survivors (4096K)
 Metaspace       used 24590K, committed 24832K, reserved 1073152K
  class space    used 2707K, committed 2816K, reserved 1048576K
}
Event: 11.148 GC heap after
{Heap after GC invocations=7 (full 0):
 garbage-first heap   total 45056K, used 12765K [0x00000000c1400000, 0x0000000100000000)
  region size 1024K, 2 young (2048K), 2 survivors (2048K)
 Metaspace       used 24590K, committed 24832K, reserved 1073152K
  class space    used 2707K, committed 2816K, reserved 1048576K
}
Event: 11.154 GC heap before
{Heap before GC invocations=7 (full 0):
 garbage-first heap   total 45056K, used 29149K [0x00000000c1400000, 0x0000000100000000)
  region size 1024K, 19 young (19456K), 2 survivors (2048K)
 Metaspace       used 24590K, committed 24832K, reserved 1073152K
  class space    used 2707K, committed 2816K, reserved 1048576K
}
Event: 11.159 GC heap after
{Heap after GC invocations=8 (full 0):
 garbage-first heap   total 45056K, used 12476K [0x00000000c1400000, 0x0000000100000000)
  region size 1024K, 2 young (2048K), 2 survivors (2048K)
 Metaspace       used 24590K, committed 24832K, reserved 1073152K
  class space    used 2707K, committed 2816K, reserved 1048576K
}
Event: 11.470 GC heap before
{Heap before GC invocations=8 (full 0):
 garbage-first heap   total 45056K, used 30908K [0x00000000c1400000, 0x0000000100000000)
  region size 1024K, 21 young (21504K), 2 survivors (2048K)
 Metaspace       used 25098K, committed 25344K, reserved 1073152K
  class space    used 2748K, committed 2880K, reserved 1048576K
}
Event: 11.473 GC heap after
{Heap after GC invocations=9 (full 0):
 garbage-first heap   total 45056K, used 12556K [0x00000000c1400000, 0x0000000100000000)
  region size 1024K, 2 young (2048K), 2 survivors (2048K)
 Metaspace       used 25098K, committed 25344K, reserved 1073152K
  class space    used 2748K, committed 2880K, reserved 1048576K
}
Event: 12.735 GC heap before
{Heap before GC invocations=9 (full 0):
 garbage-first heap   total 45056K, used 33036K [0x00000000c1400000, 0x0000000100000000)
  region size 1024K, 22 young (22528K), 2 survivors (2048K)
 Metaspace       used 26635K, committed 26880K, reserved 1073152K
  class space    used 2923K, committed 3072K, reserved 1048576K
}
Event: 12.740 GC heap after
{Heap after GC invocations=10 (full 0):
 garbage-first heap   total 45056K, used 13485K [0x00000000c1400000, 0x0000000100000000)
  region size 1024K, 3 young (3072K), 3 survivors (3072K)
 Metaspace       used 26635K, committed 26880K, reserved 1073152K
  class space    used 2923K, committed 3072K, reserved 1048576K
}

